<?xml version="1.0" encoding="UTF-8"?>
<coverage generated="1730303656505" clover="3.2.0">
  <project timestamp="1730303656505" name="All files">
    <metrics statements="34" coveredstatements="32" conditionals="22" coveredconditionals="20" methods="5" coveredmethods="5" elements="61" coveredelements="57" complexity="0" loc="34" ncloc="34" packages="1" files="2" classes="2"/>
    <file name="math.js" path="C:\Users\Aurélien\Documents\project\efficom-3-TU\src\math.js">
      <metrics statements="21" coveredstatements="20" conditionals="16" coveredconditionals="15" methods="3" coveredmethods="3"/>
      <line num="1" count="1" type="stmt"/>
      <line num="2" count="1" type="cond" truecount="3" falsecount="1"/>
      <line num="3" count="0" type="stmt"/>
      <line num="5" count="1" type="stmt"/>
      <line num="8" count="1" type="stmt"/>
      <line num="9" count="2" type="cond" truecount="2" falsecount="0"/>
      <line num="10" count="1" type="stmt"/>
      <line num="12" count="1" type="stmt"/>
      <line num="17" count="9" type="cond" truecount="2" falsecount="0"/>
      <line num="18" count="1" type="stmt"/>
      <line num="20" count="8" type="stmt"/>
      <line num="21" count="8" type="cond" truecount="2" falsecount="0"/>
      <line num="22" count="6" type="stmt"/>
      <line num="24" count="8" type="cond" truecount="2" falsecount="0"/>
      <line num="25" count="3" type="stmt"/>
      <line num="27" count="8" type="cond" truecount="2" falsecount="0"/>
      <line num="28" count="6" type="cond" truecount="2" falsecount="0"/>
      <line num="29" count="4" type="stmt"/>
      <line num="31" count="2" type="stmt"/>
      <line num="34" count="8" type="stmt"/>
      <line num="38" count="1" type="stmt"/>
    </file>
    <file name="user.js" path="C:\Users\Aurélien\Documents\project\efficom-3-TU\src\user.js">
      <metrics statements="13" coveredstatements="12" conditionals="6" coveredconditionals="5" methods="2" coveredmethods="2"/>
      <line num="1" count="1" type="stmt"/>
      <line num="2" count="3" type="cond" truecount="2" falsecount="0"/>
      <line num="3" count="1" type="stmt"/>
      <line num="5" count="2" type="cond" truecount="2" falsecount="0"/>
      <line num="6" count="1" type="stmt"/>
      <line num="8" count="1" type="stmt"/>
      <line num="11" count="1" type="stmt"/>
      <line num="12" count="1" type="stmt"/>
      <line num="19" count="1" type="stmt"/>
      <line num="20" count="1" type="cond" truecount="1" falsecount="1"/>
      <line num="21" count="1" type="stmt"/>
      <line num="23" count="0" type="stmt"/>
      <line num="27" count="1" type="stmt"/>
    </file>
  </project>
</coverage>
