TN:
SF:src\math.js
FN:1,(anonymous_0)
FN:8,(anonymous_1)
FN:16,checkNumber
FNF:3
FNH:3
FNDA:1,(anonymous_0)
FNDA:2,(anonymous_1)
FNDA:9,checkNumber
DA:1,1
DA:2,1
DA:3,0
DA:5,1
DA:8,1
DA:9,2
DA:10,1
DA:12,1
DA:17,9
DA:18,1
DA:20,8
DA:21,8
DA:22,6
DA:24,8
DA:25,3
DA:27,8
DA:28,6
DA:29,4
DA:31,2
DA:34,8
DA:38,1
LF:21
LH:20
BRDA:2,0,0,0
BRDA:2,0,1,1
BRDA:2,1,0,1
BRDA:2,1,1,1
BRDA:9,2,0,1
BRDA:9,2,1,1
BRDA:17,3,0,1
BRDA:17,3,1,8
BRDA:21,4,0,6
BRDA:21,4,1,2
BRDA:24,5,0,3
BRDA:24,5,1,5
BRDA:27,6,0,6
BRDA:27,6,1,2
BRDA:28,7,0,4
BRDA:28,7,1,2
BRF:16
BRH:15
end_of_record
TN:
SF:src\user.js
FN:1,(anonymous_0)
FN:11,(anonymous_1)
FNF:2
FNH:2
FNDA:3,(anonymous_0)
FNDA:1,(anonymous_1)
DA:1,1
DA:2,3
DA:3,1
DA:5,2
DA:6,1
DA:8,1
DA:11,1
DA:12,1
DA:19,1
DA:20,1
DA:21,1
DA:23,0
DA:27,1
LF:13
LH:12
BRDA:2,0,0,1
BRDA:2,0,1,2
BRDA:5,1,0,1
BRDA:5,1,1,1
BRDA:20,2,0,1
BRDA:20,2,1,0
BRF:6
BRH:5
end_of_record
