TN:
SF:src\parser.js
FN:3,(anonymous_0)
FNF:1
FNH:1
FNDA:4,(anonymous_0)
DA:1,1
DA:3,1
DA:4,4
DA:5,4
DA:6,1
DA:8,3
DA:9,3
DA:10,1
DA:12,2
DA:13,2
DA:14,1
DA:16,1
DA:17,1
DA:18,1
DA:20,0
DA:23,1
LF:16
LH:15
BRDA:5,0,0,1
BRDA:5,0,1,3
BRDA:9,1,0,1
BRDA:9,1,1,2
BRDA:13,2,0,1
BRDA:13,2,1,1
BRDA:17,3,0,1
BRDA:17,3,1,0
BRF:8
BRH:7
end_of_record
TN:
SF:src\user.js
FN:1,(anonymous_0)
FN:11,(anonymous_1)
FNF:2
FNH:2
FNDA:3,(anonymous_0)
FNDA:1,(anonymous_1)
DA:1,1
DA:2,3
DA:3,1
DA:5,2
DA:6,1
DA:8,1
DA:11,1
DA:12,1
DA:19,1
DA:20,1
DA:21,1
DA:23,0
DA:27,1
LF:13
LH:12
BRDA:2,0,0,1
BRDA:2,0,1,2
BRDA:5,1,0,1
BRDA:5,1,1,1
BRDA:20,2,0,1
BRDA:20,2,1,0
BRF:6
BRH:5
end_of_record
